Analysis & Synthesis report for Evermoore
Tue Jun 02 14:00:02 2020
Quartus Prime Version 18.1.0 Build 625 09/12/2018 SJ Standard Edition


---------------------
; Table of Contents ;
---------------------
  1. Legal Notice
  2. Analysis & Synthesis Summary
  3. Analysis & Synthesis Settings
  4. Parallel Compilation
  5. Analysis & Synthesis Source Files Read
  6. Analysis & Synthesis Resource Usage Summary
  7. Analysis & Synthesis Resource Utilization by Entity
  8. Analysis & Synthesis IP Cores Summary
  9. General Register Statistics
 10. Source assignments for two_port_ram:inst|altsyncram:altsyncram_component|altsyncram_ebr2:auto_generated
 11. Parameter Settings for User Entity Instance: two_port_ram:inst|altsyncram:altsyncram_component
 12. altsyncram Parameter Settings by Entity Instance
 13. Post-Synthesis Netlist Statistics for Top Partition
 14. Elapsed Time Per Partition
 15. Analysis & Synthesis Messages



----------------
; Legal Notice ;
----------------
Copyright (C) 2018  Intel Corporation. All rights reserved.
Your use of Intel Corporation's design tools, logic functions 
and other software and tools, and its AMPP partner logic 
functions, and any output files from any of the foregoing 
(including device programming or simulation files), and any 
associated documentation or information are expressly subject 
to the terms and conditions of the Intel Program License 
Subscription Agreement, the Intel Quartus Prime License Agreement,
the Intel FPGA IP License Agreement, or other applicable license
agreement, including, without limitation, that your use is for
the sole purpose of programming logic devices manufactured by
Intel and sold by Intel or its authorized distributors.  Please
refer to the applicable agreement for further details.



+-----------------------------------------------------------------------------------+
; Analysis & Synthesis Summary                                                      ;
+---------------------------------+-------------------------------------------------+
; Analysis & Synthesis Status     ; Successful - Tue Jun 02 14:00:01 2020           ;
; Quartus Prime Version           ; 18.1.0 Build 625 09/12/2018 SJ Standard Edition ;
; Revision Name                   ; Evermoore                                       ;
; Top-level Entity Name           ; Evermoore                                       ;
; Family                          ; Cyclone V                                       ;
; Logic utilization (in ALMs)     ; N/A                                             ;
; Total registers                 ; 0                                               ;
; Total pins                      ; 3                                               ;
; Total virtual pins              ; 0                                               ;
; Total block memory bits         ; 0                                               ;
; Total DSP Blocks                ; 0                                               ;
; Total HSSI RX PCSs              ; 0                                               ;
; Total HSSI PMA RX Deserializers ; 0                                               ;
; Total HSSI TX PCSs              ; 0                                               ;
; Total HSSI PMA TX Serializers   ; 0                                               ;
; Total PLLs                      ; 0                                               ;
; Total DLLs                      ; 0                                               ;
+---------------------------------+-------------------------------------------------+


+---------------------------------------------------------------------------------------------------------------------------+
; Analysis & Synthesis Settings                                                                                             ;
+---------------------------------------------------------------------------------+--------------------+--------------------+
; Option                                                                          ; Setting            ; Default Value      ;
+---------------------------------------------------------------------------------+--------------------+--------------------+
; Device                                                                          ; 5CGXFC7C7F23C8     ;                    ;
; Top-level entity name                                                           ; Evermoore          ; Evermoore          ;
; Family name                                                                     ; Cyclone V          ; Cyclone V          ;
; Use smart compilation                                                           ; Off                ; Off                ;
; Enable parallel Assembler and Timing Analyzer during compilation                ; On                 ; On                 ;
; Enable compact report table                                                     ; Off                ; Off                ;
; Restructure Multiplexers                                                        ; Auto               ; Auto               ;
; MLAB Add Timing Constraints For Mixed-Port Feed-Through Mode Setting Don't Care ; Off                ; Off                ;
; Create Debugging Nodes for IP Cores                                             ; Off                ; Off                ;
; Preserve fewer node names                                                       ; On                 ; On                 ;
; Intel FPGA IP Evaluation Mode                                                   ; Enable             ; Enable             ;
; Verilog Version                                                                 ; Verilog_2001       ; Verilog_2001       ;
; VHDL Version                                                                    ; VHDL_1993          ; VHDL_1993          ;
; State Machine Processing                                                        ; Auto               ; Auto               ;
; Safe State Machine                                                              ; Off                ; Off                ;
; Extract Verilog State Machines                                                  ; On                 ; On                 ;
; Extract VHDL State Machines                                                     ; On                 ; On                 ;
; Ignore Verilog initial constructs                                               ; Off                ; Off                ;
; Iteration limit for constant Verilog loops                                      ; 5000               ; 5000               ;
; Iteration limit for non-constant Verilog loops                                  ; 250                ; 250                ;
; Add Pass-Through Logic to Inferred RAMs                                         ; On                 ; On                 ;
; Infer RAMs from Raw Logic                                                       ; On                 ; On                 ;
; Parallel Synthesis                                                              ; On                 ; On                 ;
; DSP Block Balancing                                                             ; Auto               ; Auto               ;
; NOT Gate Push-Back                                                              ; On                 ; On                 ;
; Power-Up Don't Care                                                             ; On                 ; On                 ;
; Remove Redundant Logic Cells                                                    ; Off                ; Off                ;
; Remove Duplicate Registers                                                      ; On                 ; On                 ;
; Ignore CARRY Buffers                                                            ; Off                ; Off                ;
; Ignore CASCADE Buffers                                                          ; Off                ; Off                ;
; Ignore GLOBAL Buffers                                                           ; Off                ; Off                ;
; Ignore ROW GLOBAL Buffers                                                       ; Off                ; Off                ;
; Ignore LCELL Buffers                                                            ; Off                ; Off                ;
; Ignore SOFT Buffers                                                             ; On                 ; On                 ;
; Limit AHDL Integers to 32 Bits                                                  ; Off                ; Off                ;
; Optimization Technique                                                          ; Balanced           ; Balanced           ;
; Carry Chain Length                                                              ; 70                 ; 70                 ;
; Auto Carry Chains                                                               ; On                 ; On                 ;
; Auto Open-Drain Pins                                                            ; On                 ; On                 ;
; Perform WYSIWYG Primitive Resynthesis                                           ; Off                ; Off                ;
; Auto ROM Replacement                                                            ; On                 ; On                 ;
; Auto RAM Replacement                                                            ; On                 ; On                 ;
; Auto DSP Block Replacement                                                      ; On                 ; On                 ;
; Auto Shift Register Replacement                                                 ; Auto               ; Auto               ;
; Allow Shift Register Merging across Hierarchies                                 ; Auto               ; Auto               ;
; Auto Clock Enable Replacement                                                   ; On                 ; On                 ;
; Strict RAM Replacement                                                          ; Off                ; Off                ;
; Allow Synchronous Control Signals                                               ; On                 ; On                 ;
; Force Use of Synchronous Clear Signals                                          ; Off                ; Off                ;
; Auto Resource Sharing                                                           ; Off                ; Off                ;
; Allow Any RAM Size For Recognition                                              ; Off                ; Off                ;
; Allow Any ROM Size For Recognition                                              ; Off                ; Off                ;
; Allow Any Shift Register Size For Recognition                                   ; Off                ; Off                ;
; Use LogicLock Constraints during Resource Balancing                             ; On                 ; On                 ;
; Ignore translate_off and synthesis_off directives                               ; Off                ; Off                ;
; Timing-Driven Synthesis                                                         ; On                 ; On                 ;
; Report Parameter Settings                                                       ; On                 ; On                 ;
; Report Source Assignments                                                       ; On                 ; On                 ;
; Report Connectivity Checks                                                      ; On                 ; On                 ;
; Ignore Maximum Fan-Out Assignments                                              ; Off                ; Off                ;
; Synchronization Register Chain Length                                           ; 3                  ; 3                  ;
; Power Optimization During Synthesis                                             ; Normal compilation ; Normal compilation ;
; HDL message level                                                               ; Level2             ; Level2             ;
; Suppress Register Optimization Related Messages                                 ; Off                ; Off                ;
; Number of Removed Registers Reported in Synthesis Report                        ; 5000               ; 5000               ;
; Number of Swept Nodes Reported in Synthesis Report                              ; 5000               ; 5000               ;
; Number of Inverted Registers Reported in Synthesis Report                       ; 100                ; 100                ;
; Clock MUX Protection                                                            ; On                 ; On                 ;
; Auto Gated Clock Conversion                                                     ; Off                ; Off                ;
; Block Design Naming                                                             ; Auto               ; Auto               ;
; SDC constraint protection                                                       ; Off                ; Off                ;
; Synthesis Effort                                                                ; Auto               ; Auto               ;
; Shift Register Replacement - Allow Asynchronous Clear Signal                    ; On                 ; On                 ;
; Pre-Mapping Resynthesis Optimization                                            ; Off                ; Off                ;
; Analysis & Synthesis Message Level                                              ; Medium             ; Medium             ;
; Disable Register Merging Across Hierarchies                                     ; Auto               ; Auto               ;
; Resource Aware Inference For Block RAM                                          ; On                 ; On                 ;
; Automatic Parallel Synthesis                                                    ; On                 ; On                 ;
; Partial Reconfiguration Bitstream ID                                            ; Off                ; Off                ;
+---------------------------------------------------------------------------------+--------------------+--------------------+


+------------------------------------------+
; Parallel Compilation                     ;
+----------------------------+-------------+
; Processors                 ; Number      ;
+----------------------------+-------------+
; Number detected on machine ; 8           ;
; Maximum allowed            ; 4           ;
;                            ;             ;
; Average used               ; 1.00        ;
; Maximum used               ; 1           ;
;                            ;             ;
; Usage by Processor         ; % Time Used ;
;     Processor 1            ; 100.0%      ;
+----------------------------+-------------+


+-----------------------------------------------------------------------------------------------------------------------------------------------------------------------------+
; Analysis & Synthesis Source Files Read                                                                                                                                      ;
+----------------------------------+-----------------+------------------------------------+-------------------------------------------------------------------------+---------+
; File Name with User-Entered Path ; Used in Netlist ; File Type                          ; File Name with Absolute Path                                            ; Library ;
+----------------------------------+-----------------+------------------------------------+-------------------------------------------------------------------------+---------+
; Evermoore.bdf                    ; yes             ; User Block Diagram/Schematic File  ; H:/curly-lamp2/CPU/Evermoore.bdf                                        ;         ;
; two_port_ram.v                   ; yes             ; User Wizard-Generated File         ; H:/curly-lamp2/CPU/two_port_ram.v                                       ;         ;
; altsyncram.tdf                   ; yes             ; Megafunction                       ; c:/intelfpga/18.1/quartus/libraries/megafunctions/altsyncram.tdf        ;         ;
; stratix_ram_block.inc            ; yes             ; Megafunction                       ; c:/intelfpga/18.1/quartus/libraries/megafunctions/stratix_ram_block.inc ;         ;
; lpm_mux.inc                      ; yes             ; Megafunction                       ; c:/intelfpga/18.1/quartus/libraries/megafunctions/lpm_mux.inc           ;         ;
; lpm_decode.inc                   ; yes             ; Megafunction                       ; c:/intelfpga/18.1/quartus/libraries/megafunctions/lpm_decode.inc        ;         ;
; aglobal181.inc                   ; yes             ; Megafunction                       ; c:/intelfpga/18.1/quartus/libraries/megafunctions/aglobal181.inc        ;         ;
; a_rdenreg.inc                    ; yes             ; Megafunction                       ; c:/intelfpga/18.1/quartus/libraries/megafunctions/a_rdenreg.inc         ;         ;
; altrom.inc                       ; yes             ; Megafunction                       ; c:/intelfpga/18.1/quartus/libraries/megafunctions/altrom.inc            ;         ;
; altram.inc                       ; yes             ; Megafunction                       ; c:/intelfpga/18.1/quartus/libraries/megafunctions/altram.inc            ;         ;
; altdpram.inc                     ; yes             ; Megafunction                       ; c:/intelfpga/18.1/quartus/libraries/megafunctions/altdpram.inc          ;         ;
; db/altsyncram_ebr2.tdf           ; yes             ; Auto-Generated Megafunction        ; H:/curly-lamp2/CPU/db/altsyncram_ebr2.tdf                               ;         ;
+----------------------------------+-----------------+------------------------------------+-------------------------------------------------------------------------+---------+


+-----------------------------------------------------+
; Analysis & Synthesis Resource Usage Summary         ;
+---------------------------------------------+-------+
; Resource                                    ; Usage ;
+---------------------------------------------+-------+
; Estimate of Logic utilization (ALMs needed) ; 1     ;
;                                             ;       ;
; Combinational ALUT usage for logic          ; 1     ;
;     -- 7 input functions                    ; 0     ;
;     -- 6 input functions                    ; 0     ;
;     -- 5 input functions                    ; 0     ;
;     -- 4 input functions                    ; 0     ;
;     -- <=3 input functions                  ; 1     ;
;                                             ;       ;
; Dedicated logic registers                   ; 0     ;
;                                             ;       ;
; I/O pins                                    ; 3     ;
;                                             ;       ;
; Total DSP Blocks                            ; 0     ;
;                                             ;       ;
; Maximum fan-out node                        ; inst1 ;
; Maximum fan-out                             ; 1     ;
; Total fan-out                               ; 6     ;
; Average fan-out                             ; 0.86  ;
+---------------------------------------------+-------+


+----------------------------------------------------------------------------------------------------------------------------------------------------------------------------------------+
; Analysis & Synthesis Resource Utilization by Entity                                                                                                                                    ;
+----------------------------+---------------------+---------------------------+-------------------+------------+------+--------------+---------------------+-------------+--------------+
; Compilation Hierarchy Node ; Combinational ALUTs ; Dedicated Logic Registers ; Block Memory Bits ; DSP Blocks ; Pins ; Virtual Pins ; Full Hierarchy Name ; Entity Name ; Library Name ;
+----------------------------+---------------------+---------------------------+-------------------+------------+------+--------------+---------------------+-------------+--------------+
; |Evermoore                 ; 1 (1)               ; 0 (0)                     ; 0                 ; 0          ; 3    ; 0            ; |Evermoore          ; Evermoore   ; work         ;
+----------------------------+---------------------+---------------------------+-------------------+------------+------+--------------+---------------------+-------------+--------------+
Note: For table entries with two numbers listed, the numbers in parentheses indicate the number of resources of the given type used by the specific entity alone. The numbers listed outside of parentheses indicate the total resources of the given type used by the specific entity and all of its sub-entities in the hierarchy.


+----------------------------------------------------------------------------------------------------------------+
; Analysis & Synthesis IP Cores Summary                                                                          ;
+--------+--------------+---------+--------------+--------------+------------------------------+-----------------+
; Vendor ; IP Core Name ; Version ; Release Date ; License Type ; Entity Instance              ; IP Include File ;
+--------+--------------+---------+--------------+--------------+------------------------------+-----------------+
; Altera ; RAM: 2-PORT  ; 18.1    ; N/A          ; N/A          ; |Evermoore|two_port_ram:inst ; two_port_ram.v  ;
+--------+--------------+---------+--------------+--------------+------------------------------+-----------------+


+------------------------------------------------------+
; General Register Statistics                          ;
+----------------------------------------------+-------+
; Statistic                                    ; Value ;
+----------------------------------------------+-------+
; Total registers                              ; 0     ;
; Number of registers using Synchronous Clear  ; 0     ;
; Number of registers using Synchronous Load   ; 0     ;
; Number of registers using Asynchronous Clear ; 0     ;
; Number of registers using Asynchronous Load  ; 0     ;
; Number of registers using Clock Enable       ; 0     ;
; Number of registers using Preset             ; 0     ;
+----------------------------------------------+-------+


+---------------------------------------------------------------------------------------------------------+
; Source assignments for two_port_ram:inst|altsyncram:altsyncram_component|altsyncram_ebr2:auto_generated ;
+---------------------------------+--------------------+------+-------------------------------------------+
; Assignment                      ; Value              ; From ; To                                        ;
+---------------------------------+--------------------+------+-------------------------------------------+
; OPTIMIZE_POWER_DURING_SYNTHESIS ; NORMAL_COMPILATION ; -    ; -                                         ;
+---------------------------------+--------------------+------+-------------------------------------------+


+------------------------------------------------------------------------------------------------+
; Parameter Settings for User Entity Instance: two_port_ram:inst|altsyncram:altsyncram_component ;
+------------------------------------+----------------------+------------------------------------+
; Parameter Name                     ; Value                ; Type                               ;
+------------------------------------+----------------------+------------------------------------+
; BYTE_SIZE_BLOCK                    ; 8                    ; Untyped                            ;
; AUTO_CARRY_CHAINS                  ; ON                   ; AUTO_CARRY                         ;
; IGNORE_CARRY_BUFFERS               ; OFF                  ; IGNORE_CARRY                       ;
; AUTO_CASCADE_CHAINS                ; ON                   ; AUTO_CASCADE                       ;
; IGNORE_CASCADE_BUFFERS             ; OFF                  ; IGNORE_CASCADE                     ;
; WIDTH_BYTEENA                      ; 1                    ; Untyped                            ;
; OPERATION_MODE                     ; BIDIR_DUAL_PORT      ; Untyped                            ;
; WIDTH_A                            ; 16                   ; Signed Integer                     ;
; WIDTHAD_A                          ; 12                   ; Signed Integer                     ;
; NUMWORDS_A                         ; 4096                 ; Signed Integer                     ;
; OUTDATA_REG_A                      ; CLOCK0               ; Untyped                            ;
; ADDRESS_ACLR_A                     ; NONE                 ; Untyped                            ;
; OUTDATA_ACLR_A                     ; NONE                 ; Untyped                            ;
; WRCONTROL_ACLR_A                   ; NONE                 ; Untyped                            ;
; INDATA_ACLR_A                      ; NONE                 ; Untyped                            ;
; BYTEENA_ACLR_A                     ; NONE                 ; Untyped                            ;
; WIDTH_B                            ; 16                   ; Signed Integer                     ;
; WIDTHAD_B                          ; 12                   ; Signed Integer                     ;
; NUMWORDS_B                         ; 4096                 ; Signed Integer                     ;
; INDATA_REG_B                       ; CLOCK0               ; Untyped                            ;
; WRCONTROL_WRADDRESS_REG_B          ; CLOCK0               ; Untyped                            ;
; RDCONTROL_REG_B                    ; CLOCK1               ; Untyped                            ;
; ADDRESS_REG_B                      ; CLOCK0               ; Untyped                            ;
; OUTDATA_REG_B                      ; CLOCK0               ; Untyped                            ;
; BYTEENA_REG_B                      ; CLOCK0               ; Untyped                            ;
; INDATA_ACLR_B                      ; NONE                 ; Untyped                            ;
; WRCONTROL_ACLR_B                   ; NONE                 ; Untyped                            ;
; ADDRESS_ACLR_B                     ; NONE                 ; Untyped                            ;
; OUTDATA_ACLR_B                     ; NONE                 ; Untyped                            ;
; RDCONTROL_ACLR_B                   ; NONE                 ; Untyped                            ;
; BYTEENA_ACLR_B                     ; NONE                 ; Untyped                            ;
; WIDTH_BYTEENA_A                    ; 2                    ; Signed Integer                     ;
; WIDTH_BYTEENA_B                    ; 2                    ; Signed Integer                     ;
; RAM_BLOCK_TYPE                     ; AUTO                 ; Untyped                            ;
; BYTE_SIZE                          ; 8                    ; Signed Integer                     ;
; READ_DURING_WRITE_MODE_MIXED_PORTS ; OLD_DATA             ; Untyped                            ;
; READ_DURING_WRITE_MODE_PORT_A      ; NEW_DATA_NO_NBE_READ ; Untyped                            ;
; READ_DURING_WRITE_MODE_PORT_B      ; NEW_DATA_NO_NBE_READ ; Untyped                            ;
; INIT_FILE                          ; UNUSED               ; Untyped                            ;
; INIT_FILE_LAYOUT                   ; PORT_A               ; Untyped                            ;
; MAXIMUM_DEPTH                      ; 0                    ; Untyped                            ;
; CLOCK_ENABLE_INPUT_A               ; BYPASS               ; Untyped                            ;
; CLOCK_ENABLE_INPUT_B               ; BYPASS               ; Untyped                            ;
; CLOCK_ENABLE_OUTPUT_A              ; BYPASS               ; Untyped                            ;
; CLOCK_ENABLE_OUTPUT_B              ; BYPASS               ; Untyped                            ;
; CLOCK_ENABLE_CORE_A                ; USE_INPUT_CLKEN      ; Untyped                            ;
; CLOCK_ENABLE_CORE_B                ; USE_INPUT_CLKEN      ; Untyped                            ;
; ENABLE_ECC                         ; FALSE                ; Untyped                            ;
; ECC_PIPELINE_STAGE_ENABLED         ; FALSE                ; Untyped                            ;
; WIDTH_ECCSTATUS                    ; 3                    ; Untyped                            ;
; DEVICE_FAMILY                      ; Cyclone V            ; Untyped                            ;
; CBXI_PARAMETER                     ; altsyncram_ebr2      ; Untyped                            ;
+------------------------------------+----------------------+------------------------------------+
Note: In order to hide this table in the UI and the text report file, please set the "Show Parameter Settings in Synthesis Report" option in "Analysis and Synthesis Settings -> More Settings" to "Off".


+-----------------------------------------------------------------------------------------------+
; altsyncram Parameter Settings by Entity Instance                                              ;
+-------------------------------------------+---------------------------------------------------+
; Name                                      ; Value                                             ;
+-------------------------------------------+---------------------------------------------------+
; Number of entity instances                ; 1                                                 ;
; Entity Instance                           ; two_port_ram:inst|altsyncram:altsyncram_component ;
;     -- OPERATION_MODE                     ; BIDIR_DUAL_PORT                                   ;
;     -- WIDTH_A                            ; 16                                                ;
;     -- NUMWORDS_A                         ; 4096                                              ;
;     -- OUTDATA_REG_A                      ; CLOCK0                                            ;
;     -- WIDTH_B                            ; 16                                                ;
;     -- NUMWORDS_B                         ; 4096                                              ;
;     -- ADDRESS_REG_B                      ; CLOCK0                                            ;
;     -- OUTDATA_REG_B                      ; CLOCK0                                            ;
;     -- RAM_BLOCK_TYPE                     ; AUTO                                              ;
;     -- READ_DURING_WRITE_MODE_MIXED_PORTS ; OLD_DATA                                          ;
+-------------------------------------------+---------------------------------------------------+


+-----------------------------------------------------+
; Post-Synthesis Netlist Statistics for Top Partition ;
+-----------------------+-----------------------------+
; Type                  ; Count                       ;
+-----------------------+-----------------------------+
; arriav_lcell_comb     ; 1                           ;
;     normal            ; 1                           ;
;         2 data inputs ; 1                           ;
; boundary_port         ; 3                           ;
;                       ;                             ;
; Max LUT depth         ; 1.00                        ;
; Average LUT depth     ; 1.00                        ;
+-----------------------+-----------------------------+


+-------------------------------+
; Elapsed Time Per Partition    ;
+----------------+--------------+
; Partition Name ; Elapsed Time ;
+----------------+--------------+
; Top            ; 00:00:00     ;
+----------------+--------------+


+-------------------------------+
; Analysis & Synthesis Messages ;
+-------------------------------+
Info: *******************************************************************
Info: Running Quartus Prime Analysis & Synthesis
    Info: Version 18.1.0 Build 625 09/12/2018 SJ Standard Edition
    Info: Processing started: Tue Jun 02 13:59:32 2020
Info: Command: quartus_map --read_settings_files=on --write_settings_files=off Evermoore -c Evermoore
Warning (18236): Number of processors has not been specified which may cause overloading on shared machines.  Set the global assignment NUM_PARALLEL_PROCESSORS in your QSF to an appropriate value for best performance.
Info (20030): Parallel compilation is enabled and will use 4 of the 4 processors detected
Info (12021): Found 1 design units, including 1 entities, in source file ram_file.bdf
    Info (12023): Found entity 1: RAM_file
Info (12021): Found 1 design units, including 1 entities, in source file evermoore.bdf
    Info (12023): Found entity 1: Evermoore
Info (12021): Found 1 design units, including 1 entities, in source file ripple4bit.v
    Info (12023): Found entity 1: ripple4bit File: H:/curly-lamp2/CPU/ripple4bit.v Line: 1
Info (12021): Found 1 design units, including 1 entities, in source file mult2x2.v
    Info (12023): Found entity 1: mult2x2 File: H:/curly-lamp2/CPU/mult2x2.v Line: 1
Info (12021): Found 1 design units, including 1 entities, in source file halfadder.v
    Info (12023): Found entity 1: halfadder File: H:/curly-lamp2/CPU/halfadder.v Line: 1
Info (12021): Found 1 design units, including 1 entities, in source file fulladder.v
    Info (12023): Found entity 1: fulladder File: H:/curly-lamp2/CPU/fulladder.v Line: 1
Info (12021): Found 1 design units, including 1 entities, in source file carrysave4bit.v
    Info (12023): Found entity 1: carrysave4bit File: H:/curly-lamp2/CPU/carrysave4bit.v Line: 1
Info (12021): Found 1 design units, including 1 entities, in source file mult8x8.v
    Info (12023): Found entity 1: mult8x8 File: H:/curly-lamp2/CPU/mult8x8.v Line: 1
Info (12021): Found 1 design units, including 1 entities, in source file mult4x4.v
    Info (12023): Found entity 1: mult4x4 File: H:/curly-lamp2/CPU/mult4x4.v Line: 1
Info (12021): Found 1 design units, including 1 entities, in source file mult16x16.v
    Info (12023): Found entity 1: mult16x16 File: H:/curly-lamp2/CPU/mult16x16.v Line: 1
Info (12021): Found 1 design units, including 1 entities, in source file two_port_ram.v
    Info (12023): Found entity 1: two_port_ram File: H:/curly-lamp2/CPU/two_port_ram.v Line: 39
Info (12021): Found 1 design units, including 1 entities, in source file register_file.bdf
    Info (12023): Found entity 1: register_file
Info (12021): Found 1 design units, including 1 entities, in source file statemachine_logic.v
    Info (12023): Found entity 1: Statemachine_logic File: H:/curly-lamp2/CPU/Statemachine_logic.v Line: 1
Info (12021): Found 1 design units, including 1 entities, in source file write_decoder.v
    Info (12023): Found entity 1: write_decoder File: H:/curly-lamp2/CPU/write_decoder.v Line: 1
Info (12127): Elaborating entity "Evermoore" for the top level hierarchy
Info (12128): Elaborating entity "two_port_ram" for hierarchy "two_port_ram:inst"
Info (12128): Elaborating entity "altsyncram" for hierarchy "two_port_ram:inst|altsyncram:altsyncram_component" File: H:/curly-lamp2/CPU/two_port_ram.v Line: 103
Info (12130): Elaborated megafunction instantiation "two_port_ram:inst|altsyncram:altsyncram_component" File: H:/curly-lamp2/CPU/two_port_ram.v Line: 103
Info (12133): Instantiated megafunction "two_port_ram:inst|altsyncram:altsyncram_component" with the following parameter: File: H:/curly-lamp2/CPU/two_port_ram.v Line: 103
    Info (12134): Parameter "address_reg_b" = "CLOCK0"
    Info (12134): Parameter "byteena_reg_b" = "CLOCK0"
    Info (12134): Parameter "byte_size" = "8"
    Info (12134): Parameter "clock_enable_input_a" = "BYPASS"
    Info (12134): Parameter "clock_enable_input_b" = "BYPASS"
    Info (12134): Parameter "clock_enable_output_a" = "BYPASS"
    Info (12134): Parameter "clock_enable_output_b" = "BYPASS"
    Info (12134): Parameter "indata_reg_b" = "CLOCK0"
    Info (12134): Parameter "intended_device_family" = "Cyclone V"
    Info (12134): Parameter "lpm_type" = "altsyncram"
    Info (12134): Parameter "numwords_a" = "4096"
    Info (12134): Parameter "numwords_b" = "4096"
    Info (12134): Parameter "operation_mode" = "BIDIR_DUAL_PORT"
    Info (12134): Parameter "outdata_aclr_a" = "NONE"
    Info (12134): Parameter "outdata_aclr_b" = "NONE"
    Info (12134): Parameter "outdata_reg_a" = "CLOCK0"
    Info (12134): Parameter "outdata_reg_b" = "CLOCK0"
    Info (12134): Parameter "power_up_uninitialized" = "FALSE"
    Info (12134): Parameter "read_during_write_mode_mixed_ports" = "OLD_DATA"
    Info (12134): Parameter "read_during_write_mode_port_a" = "NEW_DATA_NO_NBE_READ"
    Info (12134): Parameter "read_during_write_mode_port_b" = "NEW_DATA_NO_NBE_READ"
    Info (12134): Parameter "widthad_a" = "12"
    Info (12134): Parameter "widthad_b" = "12"
    Info (12134): Parameter "width_a" = "16"
    Info (12134): Parameter "width_b" = "16"
    Info (12134): Parameter "width_byteena_a" = "2"
    Info (12134): Parameter "width_byteena_b" = "2"
    Info (12134): Parameter "wrcontrol_wraddress_reg_b" = "CLOCK0"
Info (12021): Found 1 design units, including 1 entities, in source file db/altsyncram_ebr2.tdf
    Info (12023): Found entity 1: altsyncram_ebr2 File: H:/curly-lamp2/CPU/db/altsyncram_ebr2.tdf Line: 27
Info (12128): Elaborating entity "altsyncram_ebr2" for hierarchy "two_port_ram:inst|altsyncram:altsyncram_component|altsyncram_ebr2:auto_generated" File: c:/intelfpga/18.1/quartus/libraries/megafunctions/altsyncram.tdf Line: 791
Warning (14284): Synthesized away the following node(s):
    Warning (14285): Synthesized away the following RAM node(s):
        Warning (14320): Synthesized away node "two_port_ram:inst|altsyncram:altsyncram_component|altsyncram_ebr2:auto_generated|q_a[0]" File: H:/curly-lamp2/CPU/db/altsyncram_ebr2.tdf Line: 42
        Warning (14320): Synthesized away node "two_port_ram:inst|altsyncram:altsyncram_component|altsyncram_ebr2:auto_generated|q_a[1]" File: H:/curly-lamp2/CPU/db/altsyncram_ebr2.tdf Line: 83
        Warning (14320): Synthesized away node "two_port_ram:inst|altsyncram:altsyncram_component|altsyncram_ebr2:auto_generated|q_a[2]" File: H:/curly-lamp2/CPU/db/altsyncram_ebr2.tdf Line: 124
        Warning (14320): Synthesized away node "two_port_ram:inst|altsyncram:altsyncram_component|altsyncram_ebr2:auto_generated|q_a[3]" File: H:/curly-lamp2/CPU/db/altsyncram_ebr2.tdf Line: 165
        Warning (14320): Synthesized away node "two_port_ram:inst|altsyncram:altsyncram_component|altsyncram_ebr2:auto_generated|q_a[4]" File: H:/curly-lamp2/CPU/db/altsyncram_ebr2.tdf Line: 206
        Warning (14320): Synthesized away node "two_port_ram:inst|altsyncram:altsyncram_component|altsyncram_ebr2:auto_generated|q_a[5]" File: H:/curly-lamp2/CPU/db/altsyncram_ebr2.tdf Line: 247
        Warning (14320): Synthesized away node "two_port_ram:inst|altsyncram:altsyncram_component|altsyncram_ebr2:auto_generated|q_a[6]" File: H:/curly-lamp2/CPU/db/altsyncram_ebr2.tdf Line: 288
        Warning (14320): Synthesized away node "two_port_ram:inst|altsyncram:altsyncram_component|altsyncram_ebr2:auto_generated|q_a[7]" File: H:/curly-lamp2/CPU/db/altsyncram_ebr2.tdf Line: 329
        Warning (14320): Synthesized away node "two_port_ram:inst|altsyncram:altsyncram_component|altsyncram_ebr2:auto_generated|q_a[8]" File: H:/curly-lamp2/CPU/db/altsyncram_ebr2.tdf Line: 370
        Warning (14320): Synthesized away node "two_port_ram:inst|altsyncram:altsyncram_component|altsyncram_ebr2:auto_generated|q_a[9]" File: H:/curly-lamp2/CPU/db/altsyncram_ebr2.tdf Line: 411
        Warning (14320): Synthesized away node "two_port_ram:inst|altsyncram:altsyncram_component|altsyncram_ebr2:auto_generated|q_a[10]" File: H:/curly-lamp2/CPU/db/altsyncram_ebr2.tdf Line: 452
        Warning (14320): Synthesized away node "two_port_ram:inst|altsyncram:altsyncram_component|altsyncram_ebr2:auto_generated|q_a[11]" File: H:/curly-lamp2/CPU/db/altsyncram_ebr2.tdf Line: 493
        Warning (14320): Synthesized away node "two_port_ram:inst|altsyncram:altsyncram_component|altsyncram_ebr2:auto_generated|q_a[12]" File: H:/curly-lamp2/CPU/db/altsyncram_ebr2.tdf Line: 534
        Warning (14320): Synthesized away node "two_port_ram:inst|altsyncram:altsyncram_component|altsyncram_ebr2:auto_generated|q_a[13]" File: H:/curly-lamp2/CPU/db/altsyncram_ebr2.tdf Line: 575
        Warning (14320): Synthesized away node "two_port_ram:inst|altsyncram:altsyncram_component|altsyncram_ebr2:auto_generated|q_a[14]" File: H:/curly-lamp2/CPU/db/altsyncram_ebr2.tdf Line: 616
        Warning (14320): Synthesized away node "two_port_ram:inst|altsyncram:altsyncram_component|altsyncram_ebr2:auto_generated|q_a[15]" File: H:/curly-lamp2/CPU/db/altsyncram_ebr2.tdf Line: 657
Info (286030): Timing-Driven Synthesis is running
Info (16010): Generating hard_block partition "hard_block:auto_generated_inst"
    Info (16011): Adding 0 node(s), including 0 DDIO, 0 PLL, 0 transceiver and 0 LCELL
Info (21057): Implemented 4 device resources after synthesis - the final resource count might be different
    Info (21058): Implemented 2 input pins
    Info (21059): Implemented 1 output pins
    Info (21061): Implemented 1 logic cells
Info: Quartus Prime Analysis & Synthesis was successful. 0 errors, 19 warnings
    Info: Peak virtual memory: 4844 megabytes
    Info: Processing ended: Tue Jun 02 14:00:02 2020
    Info: Elapsed time: 00:00:30
    Info: Total CPU time (on all processors): 00:00:26


